\BOOKMARK [1][-]{section.1}{\376\377\000I\000n\000t\000r\000o\000d\000u\000c\000t\000i\000o\000n}{}% 1
\BOOKMARK [1][-]{section.2}{\376\377\000R\000e\000q\000u\000i\000r\000e\000m\000e\000n\000t\000s\000,\000\040\000S\000p\000e\000c\000i\000f\000i\000c\000a\000t\000i\000o\000n\000s\000\040\000a\000n\000d\000\040\000C\000o\000n\000s\000t\000r\000a\000i\000n\000t\000s}{}% 2
\BOOKMARK [2][-]{subsection.2.1}{\376\377\000F\000u\000n\000c\000t\000i\000o\000n\000a\000l\000\040\000R\000e\000q\000u\000i\000r\000e\000m\000e\000n\000t\000s}{section.2}% 3
\BOOKMARK [2][-]{subsection.2.2}{\376\377\000P\000e\000r\000f\000o\000r\000m\000a\000n\000c\000e\000\040\000R\000e\000q\000u\000i\000r\000e\000m\000e\000n\000t\000s}{section.2}% 4
\BOOKMARK [2][-]{subsection.2.3}{\376\377\000C\000o\000n\000s\000t\000r\000a\000i\000n\000t\000s}{section.2}% 5
\BOOKMARK [1][-]{section.3}{\376\377\000C\000o\000n\000c\000e\000p\000t\000u\000a\000l\000\040\000D\000e\000s\000i\000g\000n}{}% 6
\BOOKMARK [2][-]{subsection.3.1}{\376\377\000H\000i\000g\000h\000-\000l\000e\000v\000e\000l\000\040\000F\000u\000n\000c\000t\000i\000o\000n\000a\000l\000\040\000D\000i\000a\000g\000r\000a\000m}{section.3}% 7
\BOOKMARK [2][-]{subsection.3.2}{\376\377\000A\000r\000c\000h\000i\000t\000e\000c\000t\000u\000r\000e\000\040\000D\000i\000a\000g\000r\000a\000m}{section.3}% 8
\BOOKMARK [1][-]{section.4}{\376\377\000S\000u\000b\000s\000y\000s\000t\000e\000m\000\040\000D\000e\000s\000i\000g\000n}{}% 9
\BOOKMARK [2][-]{subsection.4.1}{\376\377\000S\000t\000r\000u\000c\000t\000u\000r\000a\000l\000\040\000D\000e\000s\000i\000g\000n}{section.4}% 10
\BOOKMARK [3][-]{subsubsection.4.1.1}{\376\377\000D\000e\000s\000i\000g\000n\000\040\000D\000e\000c\000i\000s\000i\000o\000n\000s}{subsection.4.1}% 11
\BOOKMARK [3][-]{subsubsection.4.1.2}{\376\377\000T\000h\000i\000r\000d\000\040\000L\000a\000y\000e\000r\000\040\000D\000e\000s\000i\000g\000n}{subsection.4.1}% 12
\BOOKMARK [3][-]{subsubsection.4.1.3}{\376\377\000L\000-\000s\000t\000a\000n\000d\000\040\000D\000e\000s\000i\000g\000n}{subsection.4.1}% 13
\BOOKMARK [2][-]{subsection.4.2}{\376\377\000P\000I\000D\000\040\000M\000o\000d\000e\000l\000i\000n\000g\000\040\000a\000n\000d\000\040\000S\000i\000m\000u\000l\000a\000t\000i\000o\000n}{section.4}% 14
\BOOKMARK [3][-]{subsubsection.4.2.1}{\376\377\000M\000e\000a\000s\000u\000r\000i\000n\000g\000\040\000R\000o\000b\000o\000t\000\040\000P\000a\000r\000a\000m\000e\000t\000e\000r\000s}{subsection.4.2}% 15
\BOOKMARK [3][-]{subsubsection.4.2.2}{\376\377\000T\000r\000a\000n\000s\000f\000e\000r\000\040\000F\000u\000n\000c\000t\000i\000o\000n}{subsection.4.2}% 16
\BOOKMARK [3][-]{subsubsection.4.2.3}{\376\377\000P\000I\000D\000\040\000P\000a\000r\000a\000m\000e\000t\000e\000r\000\040\000C\000a\000l\000c\000u\000l\000a\000t\000i\000o\000n}{subsection.4.2}% 17
\BOOKMARK [3][-]{subsubsection.4.2.4}{\376\377\000S\000i\000m\000u\000l\000i\000n\000k\000\040\000S\000i\000m\000u\000l\000a\000t\000i\000o\000n}{subsection.4.2}% 18
\BOOKMARK [2][-]{subsection.4.3}{\376\377\000A\000r\000d\000u\000i\000n\000o\000\040\000N\000a\000n\000o\000\040\0003\0003\000\040\000B\000L\000E\000\040\000S\000e\000n\000s\000e\000\040\000R\000e\000v\0002}{section.4}% 19
\BOOKMARK [3][-]{subsubsection.4.3.1}{\376\377\000A\000r\000d\000u\000i\000n\000o\000\040\000I\000D\000E}{subsection.4.3}% 20
\BOOKMARK [2][-]{subsection.4.4}{\376\377\000A\000n\000g\000l\000e\000\040\000M\000e\000a\000s\000u\000r\000e\000m\000e\000n\000t}{section.4}% 21
\BOOKMARK [3][-]{subsubsection.4.4.1}{\376\377\000I\000M\000U\000\040\000S\000e\000n\000s\000o\000r\000s}{subsection.4.4}% 22
\BOOKMARK [3][-]{subsubsection.4.4.2}{\376\377\000C\000o\000m\000p\000l\000e\000m\000e\000n\000t\000a\000r\000y\000\040\000F\000i\000l\000t\000e\000r}{subsection.4.4}% 23
\BOOKMARK [2][-]{subsection.4.5}{\376\377\000A\000u\000t\000o\000n\000o\000m\000o\000u\000s\000-\000B\000a\000l\000a\000n\000c\000i\000n\000g}{section.4}% 24
\BOOKMARK [2][-]{subsection.4.6}{\376\377\000M\000o\000v\000e\000m\000e\000n\000t}{section.4}% 25
\BOOKMARK [3][-]{subsubsection.4.6.1}{\376\377\000F\000o\000r\000w\000a\000r\000d\000/\000B\000a\000c\000k\000w\000a\000r\000d\000\040\000M\000o\000v\000e\000m\000e\000n\000t}{subsection.4.6}% 26
\BOOKMARK [3][-]{subsubsection.4.6.2}{\376\377\000L\000e\000f\000t\000/\000R\000i\000g\000h\000t\000\040\000M\000o\000v\000e\000m\000e\000n\000t}{subsection.4.6}% 27
\BOOKMARK [2][-]{subsection.4.7}{\376\377\000B\000l\000u\000e\000t\000o\000o\000t\000h\000\040\000C\000o\000n\000t\000r\000o\000l}{section.4}% 28
\BOOKMARK [3][-]{subsubsection.4.7.1}{\376\377\000R\000o\000b\000o\000t\000\040\000D\000r\000i\000v\000e\000r\000\040\000A\000p\000p}{subsection.4.7}% 29
\BOOKMARK [2][-]{subsection.4.8}{\376\377\000S\000T\000M\0003\0002\000L\0000\0005\0001\000K\0008\000T\0006\000\040\000M\000i\000c\000r\000o\000c\000o\000n\000t\000r\000o\000l\000l\000e\000r}{section.4}% 30
\BOOKMARK [2][-]{subsection.4.9}{\376\377\000H\000C\000-\000S\000R\0000\0004\000\040\000U\000l\000t\000r\000a\000s\000o\000n\000i\000c\000\040\000R\000a\000n\000g\000i\000n\000g\000\040\000M\000o\000d\000u\000l\000e}{section.4}% 31
\BOOKMARK [2][-]{subsection.4.10}{\376\377\000T\000C\000S\0003\0004\0007\0002\0005\000\040\000L\000i\000g\000h\000t\000-\000t\000o\000-\000D\000i\000g\000i\000t\000a\000l\000\040\000S\000e\000n\000s\000o\000r}{section.4}% 32
\BOOKMARK [2][-]{subsection.4.11}{\376\377\000R\000C\0005\0002\0002\000\040\000C\000o\000n\000t\000a\000c\000t\000l\000e\000s\000s\000\040\000R\000e\000a\000d\000e\000r\000\040\000I\000C}{section.4}% 33
\BOOKMARK [2][-]{subsection.4.12}{\376\377\000C\000E\000M\000-\0001\0003\0000\0002\000\040\000S\000p\000e\000a\000k\000e\000r\000/\000B\000u\000z\000z\000e\000r}{section.4}% 34
\BOOKMARK [2][-]{subsection.4.13}{\376\377\000R\000a\000s\000p\000b\000e\000r\000r\000y\000\040\000P\000i\000\040\000Z\000e\000r\000o\000\040\0002\000\040\000W}{section.4}% 35
\BOOKMARK [3][-]{subsubsection.4.13.1}{\376\377\000C\000a\000m\000e\000r\000a\000\040\000A\000p\000p}{subsection.4.13}% 36
\BOOKMARK [3][-]{subsubsection.4.13.2}{\376\377\000A\000W\000S\000\040\000B\000u\000c\000k\000e\000t}{subsection.4.13}% 37
\BOOKMARK [1][-]{section.5}{\376\377\000V\000e\000r\000i\000f\000i\000c\000a\000t\000i\000o\000n\000\040\000a\000n\000d\000\040\000V\000a\000l\000i\000d\000a\000t\000i\000o\000n}{}% 38
\BOOKMARK [2][-]{subsection.5.1}{\376\377\000V\000e\000r\000i\000f\000i\000c\000a\000t\000i\000o\000n}{section.5}% 39
\BOOKMARK [2][-]{subsection.5.2}{\376\377\000V\000a\000l\000i\000d\000a\000t\000i\000o\000n}{section.5}% 40
\BOOKMARK [1][-]{section.6}{\376\377\000C\000o\000n\000c\000l\000u\000s\000i\000o\000n\000s\000\040\000a\000n\000d\000\040\000F\000u\000t\000u\000r\000e\000\040\000W\000o\000r\000k}{}% 41
\BOOKMARK [1][-]{section.7}{\376\377\000R\000e\000f\000e\000r\000e\000n\000c\000e\000s}{}% 42
\BOOKMARK [1][-]{section.8}{\376\377\000A\000p\000p\000e\000n\000d\000i\000c\000e\000s}{}% 43
\BOOKMARK [2][-]{subsection.8.1}{\376\377\000A\000p\000p\000e\000n\000d\000i\000x\000:\000\040\000B\000u\000d\000g\000e\000t}{section.8}% 44
\BOOKMARK [2][-]{subsection.8.2}{\376\377\000A\000p\000p\000e\000n\000d\000i\000x\000:\000\040\000T\000e\000c\000h\000n\000i\000c\000a\000l\000\040\000C\000a\000l\000c\000u\000l\000a\000t\000i\000o\000n\000s\000\040\000a\000n\000d\000\040\000S\000i\000m\000u\000l\000a\000t\000i\000o\000n\000s}{section.8}% 45
\BOOKMARK [2][-]{subsection.8.3}{\376\377\000A\000p\000p\000e\000n\000d\000i\000x\000:\000\040\000D\000r\000a\000w\000i\000n\000g\000s\000,\000\040\000S\000c\000h\000e\000m\000a\000t\000i\000c\000s\000,\000\040\000a\000n\000d\000\040\000B\000l\000u\000e\000p\000r\000i\000n\000t\000s}{section.8}% 46
\BOOKMARK [2][-]{subsection.8.4}{\376\377\000A\000p\000p\000e\000n\000d\000i\000x\000:\000\040\000D\000a\000t\000a\000s\000h\000e\000e\000t\000s\000\040\000/\000\040\000P\000r\000o\000d\000u\000c\000t\000\040\000S\000p\000e\000c\000i\000f\000i\000c\000a\000t\000i\000o\000n\000s}{section.8}% 47
\BOOKMARK [2][-]{subsection.8.5}{\376\377\000A\000p\000p\000e\000n\000d\000i\000x\000:\000\040\000R\000e\000l\000e\000v\000a\000n\000t\000\040\000I\000n\000d\000u\000s\000t\000r\000y\000\040\000S\000t\000a\000n\000d\000a\000r\000d\000s\000\040\000a\000n\000d\000\040\000R\000e\000g\000u\000l\000a\000t\000i\000o\000n\000s\000\040\000U\000s\000e\000d}{section.8}% 48
\BOOKMARK [2][-]{subsection.8.6}{\376\377\000A\000p\000p\000e\000n\000d\000i\000x\000:\000\040\000P\000r\000o\000t\000o\000t\000y\000p\000e\000s}{section.8}% 49
\BOOKMARK [2][-]{subsection.8.7}{\376\377\000A\000p\000p\000e\000n\000d\000i\000x\000:\000\040\000S\000a\000m\000p\000l\000e\000\040\000C\000o\000d\000e}{section.8}% 50
